<?xml version="1.0" encoding="UTF-8"?>
<testsuite name="TestSuite" time="137.402" tests="1" errors="0" skipped="0" failures="1">
  <properties>
    <property name="java.runtime.name" value="Java(TM) SE Runtime Environment"/>
    <property name="sun.boot.library.path" value="C:\Program Files\Java\jre1.8.0_291\bin"/>
    <property name="java.vm.version" value="25.291-b10"/>
    <property name="java.vm.vendor" value="Oracle Corporation"/>
    <property name="maven.multiModuleProjectDirectory" value="C:\Automation\CucumberFramework"/>
    <property name="java.vendor.url" value="http://java.oracle.com/"/>
    <property name="path.separator" value=";"/>
    <property name="guice.disable.misplaced.annotation.check" value="true"/>
    <property name="java.vm.name" value="Java HotSpot(TM) 64-Bit Server VM"/>
    <property name="file.encoding.pkg" value="sun.io"/>
    <property name="user.script" value=""/>
    <property name="user.country" value="US"/>
    <property name="sun.java.launcher" value="SUN_STANDARD"/>
    <property name="sun.os.patch.level" value=""/>
    <property name="java.vm.specification.name" value="Java Virtual Machine Specification"/>
    <property name="user.dir" value="C:\Automation\CucumberFramework"/>
    <property name="java.runtime.version" value="1.8.0_291-b10"/>
    <property name="java.awt.graphicsenv" value="sun.awt.Win32GraphicsEnvironment"/>
    <property name="java.endorsed.dirs" value="C:\Program Files\Java\jre1.8.0_291\lib\endorsed"/>
    <property name="os.arch" value="amd64"/>
    <property name="java.io.tmpdir" value="C:\Users\M1040354\AppData\Local\Temp\"/>
    <property name="line.separator" value="&#10;"/>
    <property name="java.vm.specification.vendor" value="Oracle Corporation"/>
    <property name="user.variant" value=""/>
    <property name="os.name" value="Windows 10"/>
    <property name="classworlds.conf" value="C:\Automation\.metadata\.plugins\org.eclipse.m2e.launching\launches\m2conf7397493642185586966.tmp"/>
    <property name="sun.jnu.encoding" value="Cp1252"/>
    <property name="java.library.path" value="C:\Program Files\Java\jre1.8.0_291\bin;C:\windows\Sun\Java\bin;C:\windows\system32;C:\windows;C:/Program Files/Java/jre1.8.0_291/bin/server;C:/Program Files/Java/jre1.8.0_291/bin;C:/Program Files/Java/jre1.8.0_291/lib/amd64;C:\Program Files (x86)\Common Files\Oracle\Java\javapath;C:\windows\system32;C:\windows;C:\windows\System32\Wbem;C:\windows\System32\WindowsPowerShell\v1.0\;C:\windows\System32\OpenSSH\;C:\Program Files\Java\jdk1.8.0_291\bin;C:\Old_Laptop_Data\DDrive\softwares\apache-maven-3.8.5-bin\apache-maven-3.8.5\bin;C:\Users\M1040354\AppData\Local\Microsoft\WindowsApps;;C:\Old_Laptop_Data\DDrive\Eclipse\eclipse-jee-neon-3-win32-x86_64\eclipse;;."/>
    <property name="java.specification.name" value="Java Platform API Specification"/>
    <property name="java.class.version" value="52.0"/>
    <property name="sun.management.compiler" value="HotSpot 64-Bit Tiered Compilers"/>
    <property name="os.version" value="10.0"/>
    <property name="user.home" value="C:\Users\M1040354"/>
    <property name="user.timezone" value="Asia/Calcutta"/>
    <property name="java.awt.printerjob" value="sun.awt.windows.WPrinterJob"/>
    <property name="java.specification.version" value="1.8"/>
    <property name="file.encoding" value="Cp1252"/>
    <property name="user.name" value="M1040354"/>
    <property name="java.class.path" value="/C:/Old_Laptop_Data/DDrive/Eclipse/eclipse-jee-neon-3-win32-x86_64/eclipse/plugins/org.eclipse.m2e.maven.runtime_1.7.0.20160603-1931/jars/plexus-classworlds-2.5.2.jar"/>
    <property name="java.vm.specification.version" value="1.8"/>
    <property name="sun.arch.data.model" value="64"/>
    <property name="java.home" value="C:\Program Files\Java\jre1.8.0_291"/>
    <property name="sun.java.command" value="org.codehaus.plexus.classworlds.launcher.Launcher -B install"/>
    <property name="java.specification.vendor" value="Oracle Corporation"/>
    <property name="user.language" value="en"/>
    <property name="awt.toolkit" value="sun.awt.windows.WToolkit"/>
    <property name="java.vm.info" value="mixed mode"/>
    <property name="java.version" value="1.8.0_291"/>
    <property name="java.ext.dirs" value="C:\Program Files\Java\jre1.8.0_291\lib\ext;C:\windows\Sun\Java\lib\ext"/>
    <property name="sun.boot.class.path" value="C:\Program Files\Java\jre1.8.0_291\lib\resources.jar;C:\Program Files\Java\jre1.8.0_291\lib\rt.jar;C:\Program Files\Java\jre1.8.0_291\lib\sunrsasign.jar;C:\Program Files\Java\jre1.8.0_291\lib\jsse.jar;C:\Program Files\Java\jre1.8.0_291\lib\jce.jar;C:\Program Files\Java\jre1.8.0_291\lib\charsets.jar;C:\Program Files\Java\jre1.8.0_291\lib\jfr.jar;C:\Program Files\Java\jre1.8.0_291\classes"/>
    <property name="java.vendor" value="Oracle Corporation"/>
    <property name="maven.home" value="C:\Automation\CucumberFramework\EMBEDDED"/>
    <property name="file.separator" value="\"/>
    <property name="java.vendor.url.bug" value="http://bugreport.sun.com/bugreport/"/>
    <property name="sun.cpu.endian" value="little"/>
    <property name="sun.io.unicode.encoding" value="UnicodeLittle"/>
    <property name="sun.desktop" value="windows"/>
    <property name="sun.cpu.isalist" value="amd64"/>
  </properties>
  <testcase name="feature" classname="com.mindtree.CucumberFramework.stepDefinations.Runner2" time="137.402">
    <failure message="org.openqa.selenium.TimeoutException: Expected condition failed: waiting for presence of element located by: By.xpath: //XCUIElementTypeStaticText[@name=&quot;Start Order&quot;] (tried for 40 second(s) with 500 milliseconds interval)" type="cucumber.runtime.CucumberException">cucumber.runtime.CucumberException: org.openqa.selenium.TimeoutException: Expected condition failed: waiting for presence of element located by: By.xpath: //XCUIElementTypeStaticText[@name="Start Order"] (tried for 40 second(s) with 500 milliseconds interval)
	at cucumber.api.testng.TestNGCucumberRunner.runCucumber(TestNGCucumberRunner.java:69)
	at cucumber.api.testng.AbstractTestNGCucumberTests.feature(AbstractTestNGCucumberTests.java:21)
	at sun.reflect.NativeMethodAccessorImpl.invoke0(Native Method)
	at sun.reflect.NativeMethodAccessorImpl.invoke(Unknown Source)
	at sun.reflect.DelegatingMethodAccessorImpl.invoke(Unknown Source)
	at java.lang.reflect.Method.invoke(Unknown Source)
	at org.testng.internal.MethodInvocationHelper.invokeMethod(MethodInvocationHelper.java:86)
	at org.testng.internal.Invoker.invokeMethod(Invoker.java:643)
	at org.testng.internal.Invoker.invokeTestMethod(Invoker.java:820)
	at org.testng.internal.Invoker.invokeTestMethods(Invoker.java:1128)
	at org.testng.internal.TestMethodWorker.invokeTestMethods(TestMethodWorker.java:129)
	at org.testng.internal.TestMethodWorker.run(TestMethodWorker.java:112)
	at org.testng.TestRunner.privateRun(TestRunner.java:782)
	at org.testng.TestRunner.run(TestRunner.java:632)
	at org.testng.SuiteRunner.runTest(SuiteRunner.java:366)
	at org.testng.SuiteRunner.access$000(SuiteRunner.java:39)
	at org.testng.SuiteRunner$SuiteWorker.run(SuiteRunner.java:400)
	at org.testng.internal.thread.ThreadUtil$2.call(ThreadUtil.java:64)
	at java.util.concurrent.FutureTask.run(Unknown Source)
	at java.util.concurrent.ThreadPoolExecutor.runWorker(Unknown Source)
	at java.util.concurrent.ThreadPoolExecutor$Worker.run(Unknown Source)
	at java.lang.Thread.run(Unknown Source)
Caused by: org.openqa.selenium.TimeoutException: Expected condition failed: waiting for presence of element located by: By.xpath: //XCUIElementTypeStaticText[@name="Start Order"] (tried for 40 second(s) with 500 milliseconds interval)
	at org.openqa.selenium.support.ui.WebDriverWait.timeoutException(WebDriverWait.java:95)
	at org.openqa.selenium.support.ui.FluentWait.until(FluentWait.java:272)
	at com.mindtree.CucumberFramework.pageObjects.BasePage.waitForElementClickable(BasePage.java:301)
	at com.mindtree.CucumberFramework.pageObjects.DeliveryPage.clickOnStartOderBtn(DeliveryPage.java:97)
	at com.mindtree.CucumberFramework.stepDefinations.ShakeShackIOSE2E.choose_your_delivery_time(ShakeShackIOSE2E.java:171)
	at âœ½.Then choose your delivery time(features/delivery.feature:11)
Caused by: org.openqa.selenium.NoSuchElementException: An element could not be located on the page using the given search parameters. (WARNING: The server did not provide any stacktrace information)
Command duration or timeout: 0 milliseconds
For documentation on this error, please visit: https://www.seleniumhq.org/exceptions/no_such_element.html
Build info: version: '3.141.59', revision: 'e82be7d358', time: '2018-11-14T08:17:03'
System info: host: 'MT-5CG1418QWN', ip: '192.168.0.140', os.name: 'Windows 10', os.arch: 'amd64', os.version: '10.0', java.version: '1.8.0_291'
Driver info: io.appium.java_client.ios.IOSDriver
Capabilities {additionalWebviewBundleIds: [2PNNCL69QV.com.saucelabs.*], automationName: XCUITest, browserName: , bundleId: com.shakeshack.shakeshackapp, commandTimeouts: {default: 60000}, databaseEnabled: false, deviceContextId: 9a212a08-2411-40d2-b212-289..., deviceName: 00008030-0008382634F9402E, idleTimeout: 90, javascriptEnabled: true, language: en, locale: en_US, locationContextEnabled: false, networkConnectionEnabled: false, newCommandTimeout: 90, noReset: true, orientation: PORTRAIT, platform: MAC, platformName: iOS, platformVersion: 14.8, processArguments: {args: [-AppleLanguages, (en-US), -AppleLocale, en_US, -NSLanguages, (en), -AppleLanguages, (en), -NSLanguages, (en), -AppleLocale, en_US], env: {}}, realDevice: true, takesScreenshot: true, testobject_device: iPhone_11_14_real_us, testobject_device_name: iPhone 11, testobject_device_session_id: 78ce5397-0001-440c-97f6-66c..., testobject_platform_name: iOS, testobject_project_id: saucelabs-default, testobject_test_report_api_url: https://api.us-west-1.sauce..., testobject_test_report_id: 849, testobject_test_report_url: https://app.saucelabs.com/t..., testobject_user_id: ddavisshakeshack, udid: 00008030-0008382634F9402E, usedCachedDevice: false, webDriverAgentUrl: http://127.0.0.1:5728, webStorageEnabled: false}
Session ID: 3ae39c61-8278-4211-93e0-54ee69d10385
*** Element info: {Using=xpath, value=//XCUIElementTypeStaticText[@name="Start Order"]}
	at sun.reflect.GeneratedConstructorAccessor13.newInstance(Unknown Source)
	at sun.reflect.DelegatingConstructorAccessorImpl.newInstance(Unknown Source)
	at java.lang.reflect.Constructor.newInstance(Unknown Source)
	at org.openqa.selenium.remote.ErrorHandler.createThrowable(ErrorHandler.java:214)
	at org.openqa.selenium.remote.ErrorHandler.throwIfResponseFailed(ErrorHandler.java:166)
	at org.openqa.selenium.remote.http.JsonHttpResponseCodec.reconstructValue(JsonHttpResponseCodec.java:40)
	at org.openqa.selenium.remote.http.AbstractHttpResponseCodec.decode(AbstractHttpResponseCodec.java:80)
	at org.openqa.selenium.remote.http.AbstractHttpResponseCodec.decode(AbstractHttpResponseCodec.java:44)
	at org.openqa.selenium.remote.HttpCommandExecutor.execute(HttpCommandExecutor.java:158)
	at io.appium.java_client.remote.AppiumCommandExecutor.execute(AppiumCommandExecutor.java:231)
	at org.openqa.selenium.remote.RemoteWebDriver.execute(RemoteWebDriver.java:552)
	at io.appium.java_client.DefaultGenericMobileDriver.execute(DefaultGenericMobileDriver.java:42)
	at io.appium.java_client.AppiumDriver.execute(AppiumDriver.java:1)
	at io.appium.java_client.ios.IOSDriver.execute(IOSDriver.java:1)
	at org.openqa.selenium.remote.RemoteWebDriver.findElement(RemoteWebDriver.java:323)
	at io.appium.java_client.DefaultGenericMobileDriver.findElement(DefaultGenericMobileDriver.java:62)
	at io.appium.java_client.AppiumDriver.findElement(AppiumDriver.java:1)
	at io.appium.java_client.ios.IOSDriver.findElement(IOSDriver.java:1)
	at org.openqa.selenium.remote.RemoteWebDriver.findElementByXPath(RemoteWebDriver.java:428)
	at io.appium.java_client.DefaultGenericMobileDriver.findElementByXPath(DefaultGenericMobileDriver.java:152)
	at io.appium.java_client.AppiumDriver.findElementByXPath(AppiumDriver.java:1)
	at io.appium.java_client.ios.IOSDriver.findElementByXPath(IOSDriver.java:1)
	at org.openqa.selenium.By$ByXPath.findElement(By.java:353)
	at org.openqa.selenium.remote.RemoteWebDriver.findElement(RemoteWebDriver.java:315)
	at io.appium.java_client.DefaultGenericMobileDriver.findElement(DefaultGenericMobileDriver.java:58)
	at io.appium.java_client.AppiumDriver.findElement(AppiumDriver.java:1)
	at io.appium.java_client.ios.IOSDriver.findElement(IOSDriver.java:1)
	at org.openqa.selenium.support.ui.ExpectedConditions$6.apply(ExpectedConditions.java:182)
	at org.openqa.selenium.support.ui.ExpectedConditions$6.apply(ExpectedConditions.java:179)
	at org.openqa.selenium.support.ui.FluentWait.until(FluentWait.java:249)
	at com.mindtree.CucumberFramework.pageObjects.BasePage.waitForElementClickable(BasePage.java:301)
	at com.mindtree.CucumberFramework.pageObjects.DeliveryPage.clickOnStartOderBtn(DeliveryPage.java:97)
	at com.mindtree.CucumberFramework.stepDefinations.ShakeShackIOSE2E.choose_your_delivery_time(ShakeShackIOSE2E.java:171)
	at sun.reflect.NativeMethodAccessorImpl.invoke0(Native Method)
	at sun.reflect.NativeMethodAccessorImpl.invoke(Unknown Source)
	at sun.reflect.DelegatingMethodAccessorImpl.invoke(Unknown Source)
	at java.lang.reflect.Method.invoke(Unknown Source)
	at cucumber.runtime.Utils$1.call(Utils.java:40)
	at cucumber.runtime.Timeout.timeout(Timeout.java:16)
	at cucumber.runtime.Utils.invoke(Utils.java:34)
	at cucumber.runtime.java.JavaStepDefinition.execute(JavaStepDefinition.java:38)
	at cucumber.runtime.StepDefinitionMatch.runStep(StepDefinitionMatch.java:37)
	at cucumber.runtime.Runtime.runStep(Runtime.java:300)
	at cucumber.runtime.model.StepContainer.runStep(StepContainer.java:44)
	at cucumber.runtime.model.StepContainer.runSteps(StepContainer.java:39)
	at cucumber.runtime.model.CucumberScenario.run(CucumberScenario.java:44)
	at cucumber.runtime.model.CucumberFeature.run(CucumberFeature.java:165)
	at cucumber.api.testng.TestNGCucumberRunner.runCucumber(TestNGCucumberRunner.java:63)
	at cucumber.api.testng.AbstractTestNGCucumberTests.feature(AbstractTestNGCucumberTests.java:21)
	at sun.reflect.NativeMethodAccessorImpl.invoke0(Native Method)
	at sun.reflect.NativeMethodAccessorImpl.invoke(Unknown Source)
	at sun.reflect.DelegatingMethodAccessorImpl.invoke(Unknown Source)
	at java.lang.reflect.Method.invoke(Unknown Source)
	at org.testng.internal.MethodInvocationHelper.invokeMethod(MethodInvocationHelper.java:86)
	at org.testng.internal.Invoker.invokeMethod(Invoker.java:643)
	at org.testng.internal.Invoker.invokeTestMethod(Invoker.java:820)
	at org.testng.internal.Invoker.invokeTestMethods(Invoker.java:1128)
	at org.testng.internal.TestMethodWorker.invokeTestMethods(TestMethodWorker.java:129)
	at org.testng.internal.TestMethodWorker.run(TestMethodWorker.java:112)
	at org.testng.TestRunner.privateRun(TestRunner.java:782)
	at org.testng.TestRunner.run(TestRunner.java:632)
	at org.testng.SuiteRunner.runTest(SuiteRunner.java:366)
	at org.testng.SuiteRunner.access$000(SuiteRunner.java:39)
	at org.testng.SuiteRunner$SuiteWorker.run(SuiteRunner.java:400)
	at org.testng.internal.thread.ThreadUtil$2.call(ThreadUtil.java:64)
	at java.util.concurrent.FutureTask.run(Unknown Source)
	at java.util.concurrent.ThreadPoolExecutor.runWorker(Unknown Source)
	at java.util.concurrent.ThreadPoolExecutor$Worker.run(Unknown Source)
	at java.lang.Thread.run(Unknown Source)
</failure>
    <system-out><![CDATA[Feature: Feature to test Delivery  page functionality
clicked on allow button
click on next
click on second allow
tapped on delivery
entered the delivery address :225 Varick Street, New York, NY, USA
auto suggestions selected
tapped on next in Shack to Door-step

  @DELIVERY
  Scenario: Verify user is able to place an order by selecting delivery method &amp#27;[90m# features/delivery.feature:5&amp#27;[0m
    &amp#27;[32mGiven &amp#27;[0m&amp#27;[32muser launch the ShackShack app and tap on Allow InPopup&amp#27;[0m              &amp#27;[90m# ShakeShackIOSE2E.user_launch_the_ShackShack_app_and_tap_on_Allow_InPopup()&amp#27;[0m
    &amp#27;[32mThen &amp#27;[0m&amp#27;[32mtap on next&amp#27;[0m                                                           &amp#27;[90m# ShakeShackIOSE2E.tap_on_next()&amp#27;[0m
    &amp#27;[32mThen &amp#27;[0m&amp#27;[32mtap on delivery button&amp#27;[0m                                                &amp#27;[90m# ShakeShackIOSE2E.tap_on_delivery_button()&amp#27;[0m
    &amp#27;[32mThen &amp#27;[0m&amp#27;[32menter the delivery address&amp#27;[0m                                            &amp#27;[90m# ShakeShackIOSE2E.enter_the_delivery_address()&amp#27;[0m
    &amp#27;[32mAnd &amp#27;[0m&amp#27;[32mtap on next button&amp#27;[0m                                                     &amp#27;[90m# ShakeShackIOSE2E.tap_on_next_button()&amp#27;[0m
    &amp#27;[31mThen &amp#27;[0m&amp#27;[31mchoose your delivery time&amp#27;[0m                                             &amp#27;[90m# ShakeShackIOSE2E.choose_your_delivery_time()&amp#27;[0m
      &amp#27;[31morg.openqa.selenium.TimeoutException: Expected condition failed: waiting for presence of element located by: By.xpath: //XCUIElementTypeStaticText[@name="Start Order"] (tried for 40 second(s) with 500 milliseconds interval)
      	at org.openqa.selenium.support.ui.WebDriverWait.timeoutException(WebDriverWait.java:95)
      	at org.openqa.selenium.support.ui.FluentWait.until(FluentWait.java:272)
      	at com.mindtree.CucumberFramework.pageObjects.BasePage.waitForElementClickable(BasePage.java:301)
      	at com.mindtree.CucumberFramework.pageObjects.DeliveryPage.clickOnStartOderBtn(DeliveryPage.java:97)
      	at com.mindtree.CucumberFramework.stepDefinations.ShakeShackIOSE2E.choose_your_delivery_time(ShakeShackIOSE2E.java:171)
      	at ?.Then choose your delivery time(features/delivery.feature:11)
      Caused by: org.openqa.selenium.NoSuchElementException: An element could not be located on the page using the given search parameters. (WARNING: The server did not provide any stacktrace information)
      Command duration or timeout: 0 milliseconds
      For documentation on this error, please visit: https://www.seleniumhq.org/exceptions/no_such_element.html
      Build info: version: '3.141.59', revision: 'e82be7d358', time: '2018-11-14T08:17:03'
      System info: host: 'MT-5CG1418QWN', ip: '192.168.0.140', os.name: 'Windows 10', os.arch: 'amd64', os.version: '10.0', java.version: '1.8.0_291'
      Driver info: io.appium.java_client.ios.IOSDriver
      Capabilities {additionalWebviewBundleIds: [2PNNCL69QV.com.saucelabs.*], automationName: XCUITest, browserName: , bundleId: com.shakeshack.shakeshackapp, commandTimeouts: {default: 60000}, databaseEnabled: false, deviceContextId: 9a212a08-2411-40d2-b212-289..., deviceName: 00008030-0008382634F9402E, idleTimeout: 90, javascriptEnabled: true, language: en, locale: en_US, locationContextEnabled: false, networkConnectionEnabled: false, newCommandTimeout: 90, noReset: true, orientation: PORTRAIT, platform: MAC, platformName: iOS, platformVersion: 14.8, processArguments: {args: [-AppleLanguages, (en-US), -AppleLocale, en_US, -NSLanguages, (en), -AppleLanguages, (en), -NSLanguages, (en), -AppleLocale, en_US], env: {}}, realDevice: true, takesScreenshot: true, testobject_device: iPhone_11_14_real_us, testobject_device_name: iPhone 11, testobject_device_session_id: 78ce5397-0001-440c-97f6-66c..., testobject_platform_name: iOS, testobject_project_id: saucelabs-default, testobject_test_report_api_url: https://api.us-west-1.sauce..., testobject_test_report_id: 849, testobject_test_report_url: https://app.saucelabs.com/t..., testobject_user_id: ddavisshakeshack, udid: 00008030-0008382634F9402E, usedCachedDevice: false, webDriverAgentUrl: http://127.0.0.1:5728, webStorageEnabled: false}
      Session ID: 3ae39c61-8278-4211-93e0-54ee69d10385
      *** Element info: {Using=xpath, value=//XCUIElementTypeStaticText[@name="Start Order"]}
      	at sun.reflect.GeneratedConstructorAccessor13.newInstance(Unknown Source)
      	at sun.reflect.DelegatingConstructorAccessorImpl.newInstance(Unknown Source)
      	at java.lang.reflect.Constructor.newInstance(Unknown Source)
      	at org.openqa.selenium.remote.ErrorHandler.createThrowable(ErrorHandler.java:214)
      	at org.openqa.selenium.remote.ErrorHandler.throwIfResponseFailed(ErrorHandler.java:166)
      	at org.openqa.selenium.remote.http.JsonHttpResponseCodec.reconstructValue(JsonHttpResponseCodec.java:40)
      	at org.openqa.selenium.remote.http.AbstractHttpResponseCodec.decode(AbstractHttpResponseCodec.java:80)
      	at org.openqa.selenium.remote.http.AbstractHttpResponseCodec.decode(AbstractHttpResponseCodec.java:44)
      	at org.openqa.selenium.remote.HttpCommandExecutor.execute(HttpCommandExecutor.java:158)
      	at io.appium.java_client.remote.AppiumCommandExecutor.execute(AppiumCommandExecutor.java:231)
      	at org.openqa.selenium.remote.RemoteWebDriver.execute(RemoteWebDriver.java:552)
      	at io.appium.java_client.DefaultGenericMobileDriver.execute(DefaultGenericMobileDriver.java:42)
      	at io.appium.java_client.AppiumDriver.execute(AppiumDriver.java:1)
      	at io.appium.java_client.ios.IOSDriver.execute(IOSDriver.java:1)
      	at org.openqa.selenium.remote.RemoteWebDriver.findElement(RemoteWebDriver.java:323)
      	at io.appium.java_client.DefaultGenericMobileDriver.findElement(DefaultGenericMobileDriver.java:62)
      	at io.appium.java_client.AppiumDriver.findElement(AppiumDriver.java:1)
      	at io.appium.java_client.ios.IOSDriver.findElement(IOSDriver.java:1)
      	at org.openqa.selenium.remote.RemoteWebDriver.findElementByXPath(RemoteWebDriver.java:428)
      	at io.appium.java_client.DefaultGenericMobileDriver.findElementByXPath(DefaultGenericMobileDriver.java:152)
      	at io.appium.java_client.AppiumDriver.findElementByXPath(AppiumDriver.java:1)
      	at io.appium.java_client.ios.IOSDriver.findElementByXPath(IOSDriver.java:1)
      	at org.openqa.selenium.By$ByXPath.findElement(By.java:353)
      	at org.openqa.selenium.remote.RemoteWebDriver.findElement(RemoteWebDriver.java:315)
      	at io.appium.java_client.DefaultGenericMobileDriver.findElement(DefaultGenericMobileDriver.java:58)
      	at io.appium.java_client.AppiumDriver.findElement(AppiumDriver.java:1)
      	at io.appium.java_client.ios.IOSDriver.findElement(IOSDriver.java:1)
      	at org.openqa.selenium.support.ui.ExpectedConditions$6.apply(ExpectedConditions.java:182)
      	at org.openqa.selenium.support.ui.ExpectedConditions$6.apply(ExpectedConditions.java:179)
      	at org.openqa.selenium.support.ui.FluentWait.until(FluentWait.java:249)
      	at com.mindtree.CucumberFramework.pageObjects.BasePage.waitForElementClickable(BasePage.java:301)
      	at com.mindtree.CucumberFramework.pageObjects.DeliveryPage.clickOnStartOderBtn(DeliveryPage.java:97)
      	at com.mindtree.CucumberFramework.stepDefinations.ShakeShackIOSE2E.choose_your_delivery_time(ShakeShackIOSE2E.java:171)
      	at sun.reflect.NativeMethodAccessorImpl.invoke0(Native Method)
      	at sun.reflect.NativeMethodAccessorImpl.invoke(Unknown Source)
      	at sun.reflect.DelegatingMethodAccessorImpl.invoke(Unknown Source)
      	at java.lang.reflect.Method.invoke(Unknown Source)
      	at cucumber.runtime.Utils$1.call(Utils.java:40)
      	at cucumber.runtime.Timeout.timeout(Timeout.java:16)
      	at cucumber.runtime.Utils.invoke(Utils.java:34)
      	at cucumber.runtime.java.JavaStepDefinition.execute(JavaStepDefinition.java:38)
      	at cucumber.runtime.StepDefinitionMatch.runStep(StepDefinitionMatch.java:37)
      	at cucumber.runtime.Runtime.runStep(Runtime.java:300)
      	at cucumber.runtime.model.StepContainer.runStep(StepContainer.java:44)
      	at cucumber.runtime.model.StepContainer.runSteps(StepContainer.java:39)
      	at cucumber.runtime.model.CucumberScenario.run(CucumberScenario.java:44)
      	at cucumber.runtime.model.CucumberFeature.run(CucumberFeature.java:165)
      	at cucumber.api.testng.TestNGCucumberRunner.runCucumber(TestNGCucumberRunner.java:63)
      	at cucumber.api.testng.AbstractTestNGCucumberTests.feature(AbstractTestNGCucumberTests.java:21)
      	at sun.reflect.NativeMethodAccessorImpl.invoke0(Native Method)
      	at sun.reflect.NativeMethodAccessorImpl.invoke(Unknown Source)
      	at sun.reflect.DelegatingMethodAccessorImpl.invoke(Unknown Source)
      	at java.lang.reflect.Method.invoke(Unknown Source)
      	at org.testng.internal.MethodInvocationHelper.invokeMethod(MethodInvocationHelper.java:86)
      	at org.testng.internal.Invoker.invokeMethod(Invoker.java:643)
      	at org.testng.internal.Invoker.invokeTestMethod(Invoker.java:820)
      	at org.testng.internal.Invoker.invokeTestMethods(Invoker.java:1128)
      	at org.testng.internal.TestMethodWorker.invokeTestMethods(TestMethodWorker.java:129)
      	at org.testng.internal.TestMethodWorker.run(TestMethodWorker.java:112)
      	at org.testng.TestRunner.privateRun(TestRunner.java:782)
      	at org.testng.TestRunner.run(TestRunner.java:632)
      	at org.testng.SuiteRunner.runTest(SuiteRunner.java:366)
      	at org.testng.SuiteRunner.access$000(SuiteRunner.java:39)
      	at org.testng.SuiteRunner$SuiteWorker.run(SuiteRunner.java:400)
      	at org.testng.internal.thread.ThreadUtil$2.call(ThreadUtil.java:64)
      	at java.util.concurrent.FutureTask.run(Unknown Source)
      	at java.util.concurrent.ThreadPoolExecutor.runWorker(Unknown Source)
      	at java.util.concurrent.ThreadPoolExecutor$Worker.run(Unknown Source)
      	at java.lang.Thread.run(Unknown Source)
      &amp#27;[0m
    &amp#27;[36mThen &amp#27;[0m&amp#27;[36mTap On Burger category Select item&amp#27;[0m                                    &amp#27;[90m# ShakeShackIOSE2E.Tap_On_Burger_category_Select_Item()&amp#27;[0m
    &amp#27;[36mThen &amp#27;[0m&amp#27;[36mAdd to Bag&amp#27;[0m                                                            &amp#27;[90m# ShakeShackIOSE2E.Add_to_Bag()&amp#27;[0m
    &amp#27;[36mThen &amp#27;[0m&amp#27;[36mdo Checkout&amp#27;[0m                                                           &amp#27;[90m# ShakeShackIOSE2E.checkout()&amp#27;[0m
    &amp#27;[36mThen &amp#27;[0m&amp#27;[36mdo Login with valid credentials&amp#27;[0m                                       &amp#27;[90m# ShakeShackIOSE2E.loginWithValidCredentials()&amp#27;[0m
    &amp#27;[36mThen &amp#27;[0m&amp#27;[36mPay with Credit Card&amp#27;[0m                                                  &amp#27;[90m# ShakeShackIOSE2E.Pay_with_Credit_Card()&amp#27;[0m
    &amp#27;[36mAnd &amp#27;[0m&amp#27;[36mverify the order summary page and receipt&amp#27;[0m                              &amp#27;[90m# ShakeShackIOSE2E.verify_the_order_summary_page_and_receipt()&amp#27;[0m
]]></system-out>
    <system-err><![CDATA[Mar 23, 2022 10:34:16 AM io.appium.java_client.remote.AppiumCommandExecutor$1 lambda$0
INFO: Detected dialect: OSS
]]></system-err>
  </testcase>
</testsuite>