<?xml version="1.0" encoding="UTF-8"?>
<!-- Generated by org.testng.reporters.JUnitReportReporter -->
<testsuite hostname="A2ML18527" name="com.mindtree.CucumberFramework.stepDefinations.Runner" tests="1" failures="0" timestamp="11 Feb 2022 11:35:23 GMT" time="275.444" errors="1">
  <testcase name="feature" time="275.444" classname="com.mindtree.CucumberFramework.stepDefinations.Runner">
    <error type="cucumber.runtime.CucumberException" message="org.openqa.selenium.NoSuchElementException: An element could not be located on the page using the given search parameters.
For documentation on this error, please visit: https://www.seleniumhq.org/exceptions/no_such_element.html
Build info: version: &#039;3.141.59&#039;, revision: &#039;e82be7d358&#039;, time: &#039;2018-11-14T08:17:03&#039;
System info: host: &#039;A2ML18527&#039;, ip: &#039;192.168.0.139&#039;, os.name: &#039;Windows 10&#039;, os.arch: &#039;amd64&#039;, os.version: &#039;10.0&#039;, java.version: &#039;1.8.0_291&#039;
Driver info: org.openqa.selenium.remote.RemoteWebDriver
Capabilities {app: /var/folders/64/xz5sm3b574g..., backendRetries: 4, bootstrapPath: /Volumes/Sauce/wda/wda-v1.2..., browserName: , databaseEnabled: false, derivedDataPath: /Volumes/Sauce/wda/wda-v1.2..., deviceName: iPhone 12 Pro Max, eventTimings: true, javascriptEnabled: true, keepKeyChains: true, launchTimeout: 180000, locationContextEnabled: false, maxTypingFrequency: 8, networkConnectionEnabled: false, newCommandTimeout: 0, noReset: true, orientation: PORTRAIT, platform: MAC, platformName: MAC, platformVersion: 14.4, preventWDAAttachments: true, sauce:options: {}, selenium:webdriver.remote.quietExceptions: false, showIOSLog: false, takesScreenshot: true, udid: 91901F99-1AA8-4232-840D-D9B..., usePrebuiltWDA: true, webStorageEnabled: false}
Session ID: e1973fa7c50a437aa5acaa758aa48c9c
*** Element info: {Using=xpath, value=//*[@name=&quot;Textfield&quot;]}">
      <![CDATA[cucumber.runtime.CucumberException: org.openqa.selenium.NoSuchElementException: An element could not be located on the page using the given search parameters.
For documentation on this error, please visit: https://www.seleniumhq.org/exceptions/no_such_element.html
Build info: version: '3.141.59', revision: 'e82be7d358', time: '2018-11-14T08:17:03'
System info: host: 'A2ML18527', ip: '192.168.0.139', os.name: 'Windows 10', os.arch: 'amd64', os.version: '10.0', java.version: '1.8.0_291'
Driver info: org.openqa.selenium.remote.RemoteWebDriver
Capabilities {app: /var/folders/64/xz5sm3b574g..., backendRetries: 4, bootstrapPath: /Volumes/Sauce/wda/wda-v1.2..., browserName: , databaseEnabled: false, derivedDataPath: /Volumes/Sauce/wda/wda-v1.2..., deviceName: iPhone 12 Pro Max, eventTimings: true, javascriptEnabled: true, keepKeyChains: true, launchTimeout: 180000, locationContextEnabled: false, maxTypingFrequency: 8, networkConnectionEnabled: false, newCommandTimeout: 0, noReset: true, orientation: PORTRAIT, platform: MAC, platformName: MAC, platformVersion: 14.4, preventWDAAttachments: true, sauce:options: {}, selenium:webdriver.remote.quietExceptions: false, showIOSLog: false, takesScreenshot: true, udid: 91901F99-1AA8-4232-840D-D9B..., usePrebuiltWDA: true, webStorageEnabled: false}
Session ID: e1973fa7c50a437aa5acaa758aa48c9c
*** Element info: {Using=xpath, value=//*[@name="Textfield"]}
	at cucumber.api.testng.TestNGCucumberRunner.runCucumber(TestNGCucumberRunner.java:69)
	at cucumber.api.testng.AbstractTestNGCucumberTests.feature(AbstractTestNGCucumberTests.java:21)
	at sun.reflect.NativeMethodAccessorImpl.invoke0(Native Method)
	at sun.reflect.NativeMethodAccessorImpl.invoke(NativeMethodAccessorImpl.java:62)
	at sun.reflect.DelegatingMethodAccessorImpl.invoke(DelegatingMethodAccessorImpl.java:43)
	at java.lang.reflect.Method.invoke(Method.java:498)
	at org.testng.internal.MethodInvocationHelper.invokeMethod(MethodInvocationHelper.java:86)
	at org.testng.internal.Invoker.invokeMethod(Invoker.java:643)
	at org.testng.internal.Invoker.invokeTestMethod(Invoker.java:820)
	at org.testng.internal.Invoker.invokeTestMethods(Invoker.java:1128)
	at org.testng.internal.TestMethodWorker.invokeTestMethods(TestMethodWorker.java:129)
	at org.testng.internal.TestMethodWorker.run(TestMethodWorker.java:112)
	at org.testng.TestRunner.privateRun(TestRunner.java:782)
	at org.testng.TestRunner.run(TestRunner.java:632)
	at org.testng.SuiteRunner.runTest(SuiteRunner.java:366)
	at org.testng.SuiteRunner.runSequentially(SuiteRunner.java:361)
	at org.testng.SuiteRunner.privateRun(SuiteRunner.java:319)
	at org.testng.SuiteRunner.run(SuiteRunner.java:268)
	at org.testng.SuiteRunnerWorker.runSuite(SuiteRunnerWorker.java:52)
	at org.testng.SuiteRunnerWorker.run(SuiteRunnerWorker.java:86)
	at org.testng.TestNG.runSuitesSequentially(TestNG.java:1244)
	at org.testng.TestNG.runSuitesLocally(TestNG.java:1169)
	at org.testng.TestNG.run(TestNG.java:1064)
	at org.testng.remote.AbstractRemoteTestNG.run(AbstractRemoteTestNG.java:132)
	at org.testng.remote.RemoteTestNG.initAndRun(RemoteTestNG.java:230)
	at org.testng.remote.RemoteTestNG.main(RemoteTestNG.java:76)
Caused by: org.openqa.selenium.NoSuchElementException: An element could not be located on the page using the given search parameters.
For documentation on this error, please visit: https://www.seleniumhq.org/exceptions/no_such_element.html
Build info: version: '3.141.59', revision: 'e82be7d358', time: '2018-11-14T08:17:03'
System info: host: 'A2ML18527', ip: '192.168.0.139', os.name: 'Windows 10', os.arch: 'amd64', os.version: '10.0', java.version: '1.8.0_291'
Driver info: org.openqa.selenium.remote.RemoteWebDriver
Capabilities {app: /var/folders/64/xz5sm3b574g..., backendRetries: 4, bootstrapPath: /Volumes/Sauce/wda/wda-v1.2..., browserName: , databaseEnabled: false, derivedDataPath: /Volumes/Sauce/wda/wda-v1.2..., deviceName: iPhone 12 Pro Max, eventTimings: true, javascriptEnabled: true, keepKeyChains: true, launchTimeout: 180000, locationContextEnabled: false, maxTypingFrequency: 8, networkConnectionEnabled: false, newCommandTimeout: 0, noReset: true, orientation: PORTRAIT, platform: MAC, platformName: MAC, platformVersion: 14.4, preventWDAAttachments: true, sauce:options: {}, selenium:webdriver.remote.quietExceptions: false, showIOSLog: false, takesScreenshot: true, udid: 91901F99-1AA8-4232-840D-D9B..., usePrebuiltWDA: true, webStorageEnabled: false}
Session ID: e1973fa7c50a437aa5acaa758aa48c9c
*** Element info: {Using=xpath, value=//*[@name="Textfield"]}
	at sun.reflect.NativeConstructorAccessorImpl.newInstance0(Native Method)
	at sun.reflect.NativeConstructorAccessorImpl.newInstance(NativeConstructorAccessorImpl.java:62)
	at sun.reflect.DelegatingConstructorAccessorImpl.newInstance(DelegatingConstructorAccessorImpl.java:45)
	at java.lang.reflect.Constructor.newInstance(Constructor.java:423)
	at org.openqa.selenium.remote.http.W3CHttpResponseCodec.createException(W3CHttpResponseCodec.java:187)
	at org.openqa.selenium.remote.http.W3CHttpResponseCodec.decode(W3CHttpResponseCodec.java:122)
	at org.openqa.selenium.remote.http.W3CHttpResponseCodec.decode(W3CHttpResponseCodec.java:49)
	at org.openqa.selenium.remote.HttpCommandExecutor.execute(HttpCommandExecutor.java:158)
	at org.openqa.selenium.remote.RemoteWebDriver.execute(RemoteWebDriver.java:552)
	at org.openqa.selenium.remote.RemoteWebDriver.findElement(RemoteWebDriver.java:323)
	at org.openqa.selenium.remote.RemoteWebDriver.findElementByXPath(RemoteWebDriver.java:428)
	at com.mindtree.CucumberFramework.pageObjects.LoginPageCommon.enterTheNearestShackOrPostalCodeInTextField(LoginPageCommon.java:106)
	at com.mindtree.CucumberFramework.stepDefinations.LoginSteps.enter_the_nearest_shack_or_postalcode_Address_SearchField_and_Do_StartOrder(LoginSteps.java:41)
	at âœ½.And enter the nearest shack or postalcode Address SearchField and Do StartOrder(./src/test/resources/features/landing.feature:8)
]]>
    </error>
  </testcase> <!-- feature -->
</testsuite> <!-- com.mindtree.CucumberFramework.stepDefinations.Runner -->
